2026-03-04 20:25:55 - Tidy up
2026-03-04 13:07:37 - Minor tweak
2026-03-04 10:27:57 - Tidy up
2026-03-06 09:50:20 - Tidy up
2026-03-07 16:14:52 - Housekeeping
2026-03-07 16:14:52 - Update notes
2026-03-07 15:00:38 - Update activity log
2026-03-08 09:02:32 - Minor tweak
2026-03-09 09:51:21 - Tidy up
2026-03-09 13:58:36 - Update daily log
2026-03-11 11:40:11 - Tidy up
2026-03-11 10:51:21 - Update activity log
2026-03-13 12:57:35 - Update progress
2026-03-13 14:35:14 - Tidy up
2026-03-13 18:15:53 - Update notes
2026-03-14 17:50:28 - Minor tweak
2026-03-14 10:39:10 - Update daily log
2026-03-15 19:17:55 - Update notes
2026-03-15 19:37:07 - Housekeeping
2026-03-15 20:29:59 - Update activity log
2026-03-16 09:31:01 - Chore: sync log
2026-03-18 13:31:01 - Small change
2026-03-20 13:34:13 - Update notes
2026-03-20 19:01:31 - Update activity log
2026-03-21 09:50:21 - Tidy up
2026-03-22 18:48:18 - Small change
2026-03-22 11:08:46 - Minor tweak
2026-03-22 12:05:35 - Housekeeping
2026-03-24 15:08:38 - Housekeeping
2026-03-24 09:42:20 - Update activity log
2026-03-25 15:00:38 - Tidy up
2026-03-25 12:17:48 - Chore: sync log
2026-03-25 16:58:28 - Update progress
2026-03-26 16:41:59 - Small change
2026-03-26 19:48:18 - Minor tweak
2026-03-27 13:46:24 - Housekeeping
2026-03-27 11:45:23 - Refactor notes
2026-03-27 09:42:21 - Update daily log
2026-03-28 13:42:12 - Refactor notes
2026-03-29 11:52:23 - Update notes
2026-03-31 13:34:12 - Update daily log
2026-03-31 16:10:40 - Update notes
2026-03-31 11:32:10 - Housekeeping
2026-04-01 11:33:11 - Refactor notes
2026-04-01 11:45:23 - Update notes
2026-04-01 18:15:54 - Update activity log
2026-04-02 17:50:28 - Update daily log
2026-04-03 17:58:28 - Update activity log
2026-04-03 12:45:23 - Refactor notes
2026-04-03 14:31:01 - Update progress
2026-04-04 15:33:03 - Update notes
2026-04-04 11:50:16 - Refactor notes
2026-04-05 13:06:37 - Housekeeping
2026-04-05 17:15:53 - Update progress
2026-04-05 11:20:59 - Refactor notes
2026-04-06 13:22:00 - Chore: sync log
2026-04-06 13:34:13 - Update notes
2026-04-06 15:36:14 - Update progress
2026-04-08 10:04:34 - Update notes
2026-04-09 17:46:16 - Refactor notes
2026-04-10 11:28:33 - Tidy up
2026-04-10 11:16:46 - Housekeeping
2026-04-11 17:46:17 - Chore: sync log
2026-04-11 15:37:15 - Housekeeping
2026-04-11 16:22:52 - Housekeeping
2026-04-12 17:26:05 - Housekeeping
2026-04-12 15:20:50 - Minor tweak
2026-04-12 12:30:00 - Housekeeping
2026-04-14 12:21:59 - Update progress
2026-04-16 14:24:02 - Update activity log
2026-04-18 09:27:57 - Refactor notes
2026-04-19 14:00:38 - Update notes
2026-04-20 20:02:32 - Update notes
2026-04-20 14:35:13 - Tidy up
2026-04-21 20:53:31 - Update activity log
